[19620:24804:0517/004233.677:WARNING:chrome_main_delegate.cc(745)] This is Chrome version 128.0.6613.138 (not a warning)
[19620:17864:0517/004233.828:ERROR:google_update_settings.cc(265)] Failed opening key Software\Chromium to set usagestats; result: 5
[19620:24804:0517/004233.898:WARNING:account_consistency_mode_manager.cc(77)] Desktop Identity Consistency cannot be enabled as no OAuth client ID and client secret have been configured.
[21196:15920:0517/004244.412:WARNING:frame_impl.cc(430)] virtual CefFrameImpl::SendProcessMessage sent to detached frame 5-3A8AB7B9B052E9805920DA8E7AB7DB8A will be ignored
[19620:17116:0517/004246.525:WARNING:browser_info.cc(345)] Returning a speculative frame for [8,9]
[19620:24804:0517/004246.869:WARNING:browser_info.cc(345)] Returning a speculative frame for [10,9]
[19620:24804:0517/004246.875:WARNING:browser_info.cc(345)] Returning a speculative frame for [10,9]
[19620:24804:0517/004246.875:WARNING:browser_info.cc(345)] Returning a speculative frame for [10,9]
[19620:24804:0517/004246.875:WARNING:browser_info.cc(345)] Returning a speculative frame for [10,9]
[19620:17116:0517/004246.882:WARNING:browser_info.cc(345)] Returning a speculative frame for [10,9]
[22920:3860:0517/004253.213:WARNING:codec.cc(525)] Explicitly added H264 constrained baseline to list of supported formats.
[22920:3860:0517/004253.549:WARNING:codec.cc(525)] Explicitly added H264 constrained baseline to list of supported formats.
[22920:11272:0517/004253.577:WARNING:codec.cc(525)] Explicitly added H264 constrained baseline to list of supported formats.
[22920:11272:0517/004253.577:WARNING:codec.cc(525)] Explicitly added H264 constrained baseline to list of supported formats.
[22920:11272:0517/004253.578:WARNING:codec.cc(525)] Explicitly added H264 constrained baseline to list of supported formats.
[7692:9884:0517/004253.877:WARNING:host_resolver_dns_task.cc(863)] Address list empty after RFC3484 sort
[7692:9884:0517/004253.888:ERROR:socket_manager.cc(147)] Failed to resolve address for stun.cloudflare.com., errorcode: -105
[7692:9884:0517/004253.888:ERROR:socket_manager.cc(147)] Failed to resolve address for stun.cloudflare.com., errorcode: -105
[7692:9884:0517/004253.888:ERROR:socket_manager.cc(147)] Failed to resolve address for stun.cloudflare.com., errorcode: -105
[22920:11272:0517/004253.889:WARNING:stun_port.cc(442)] Port[46b8c00:0:1:0:host:Net[any:0:0:0:x:x:x:x:x/0:Wildcard:id=0]]: StunPort: stun host lookup received error -1
[22920:11272:0517/004253.889:WARNING:stun_port.cc(442)] Port[46b9400:1:1:0:host:Net[any:0:0:0:x:x:x:x:x/0:Wildcard:id=0]]: StunPort: stun host lookup received error -1
[22920:11272:0517/004253.889:WARNING:stun_port.cc(442)] Port[46b9c00:2:1:0:host:Net[any:0:0:0:x:x:x:x:x/0:Wildcard:id=0]]: StunPort: stun host lookup received error -1
[10248:12512:0517/004458.399:WARNING:frame_impl.cc(430)] virtual CefFrameImpl::SendProcessMessage sent to detached frame 6-04DDB86273A01B4C41C36B5B073BF01F will be ignored
[17860:22268:0517/004458.467:ERROR:shared_image_manager.cc(224)] SharedImageManager::ProduceSkia: Trying to Produce a Skia representation from a non-existent mailbox.
[17860:22268:0517/004458.467:ERROR:shared_image_manager.cc(224)] SharedImageManager::ProduceSkia: Trying to Produce a Skia representation from a non-existent mailbox.
[19620:24804:0517/023401.338:WARNING:pref_notifier_impl.cc(41)] Pref observer for media_router.cast_allow_all_ips found at shutdown.
